<?xml version="1.0" encoding="UTF-8"?>
<robot generator="Robot 3.1.2 (Python 3.7.4 on win32)" generated="20190801 21:48:54.145" rpa="false">
<suite id="s1" name="TestSuite" source="C:\Users\Asus\eclipse-workspace\RobotProject\test\TestSuite.robot">
<kw name="Log" library="BuiltIn" type="setup">
<doc>Logs the given message with the given level.</doc>
<arguments>
<arg>====SUITE SETUP====</arg>
</arguments>
<msg timestamp="20190801 21:48:54.341" level="INFO">====SUITE SETUP====</msg>
<status status="PASS" starttime="20190801 21:48:54.341" endtime="20190801 21:48:54.341"></status>
</kw>
<test id="s1-t1" name="Test2">
<kw name="Log" library="BuiltIn" type="setup">
<doc>Logs the given message with the given level.</doc>
<arguments>
<arg>====TEST SETUP====</arg>
</arguments>
<msg timestamp="20190801 21:48:54.346" level="INFO">====TEST SETUP====</msg>
<status status="PASS" starttime="20190801 21:48:54.345" endtime="20190801 21:48:54.346"></status>
</kw>
<kw name="Log" library="BuiltIn">
<doc>Logs the given message with the given level.</doc>
<arguments>
<arg>Just Testing 2</arg>
</arguments>
<msg timestamp="20190801 21:48:54.346" level="INFO">Just Testing 2</msg>
<status status="PASS" starttime="20190801 21:48:54.346" endtime="20190801 21:48:54.346"></status>
</kw>
<kw name="Set Tags" library="BuiltIn">
<doc>Adds given ``tags`` for the current test or all tests in a suite.</doc>
<arguments>
<arg>Inside the 2nd</arg>
</arguments>
<msg timestamp="20190801 21:48:54.347" level="INFO">Set tag 'Inside the 2nd'.</msg>
<status status="PASS" starttime="20190801 21:48:54.347" endtime="20190801 21:48:54.347"></status>
</kw>
<kw name="Log" library="BuiltIn" type="teardown">
<doc>Logs the given message with the given level.</doc>
<arguments>
<arg>====TEST TEARDOWN====</arg>
</arguments>
<msg timestamp="20190801 21:48:54.347" level="INFO">====TEST TEARDOWN====</msg>
<status status="PASS" starttime="20190801 21:48:54.347" endtime="20190801 21:48:54.347"></status>
</kw>
<tags>
<tag>Inside the 2nd</tag>
<tag>Sanity</tag>
</tags>
<status status="PASS" starttime="20190801 21:48:54.342" endtime="20190801 21:48:54.347" critical="yes"></status>
</test>
<test id="s1-t2" name="Test3">
<kw name="Log" library="BuiltIn" type="setup">
<doc>Logs the given message with the given level.</doc>
<arguments>
<arg>====TEST SETUP====</arg>
</arguments>
<msg timestamp="20190801 21:48:54.350" level="INFO">====TEST SETUP====</msg>
<status status="PASS" starttime="20190801 21:48:54.350" endtime="20190801 21:48:54.350"></status>
</kw>
<kw name="Log" library="BuiltIn">
<doc>Logs the given message with the given level.</doc>
<arguments>
<arg>Just Testing 3</arg>
</arguments>
<msg timestamp="20190801 21:48:54.351" level="INFO">Just Testing 3</msg>
<status status="PASS" starttime="20190801 21:48:54.351" endtime="20190801 21:48:54.351"></status>
</kw>
<kw name="Log" library="BuiltIn" type="teardown">
<doc>Logs the given message with the given level.</doc>
<arguments>
<arg>====TEST TEARDOWN====</arg>
</arguments>
<msg timestamp="20190801 21:48:54.351" level="INFO">====TEST TEARDOWN====</msg>
<status status="PASS" starttime="20190801 21:48:54.351" endtime="20190801 21:48:54.351"></status>
</kw>
<tags>
<tag>Sanity</tag>
</tags>
<status status="PASS" starttime="20190801 21:48:54.349" endtime="20190801 21:48:54.352" critical="yes"></status>
</test>
<test id="s1-t3" name="WiraPakpahanTest">
<kw name="Log" library="BuiltIn" type="setup">
<doc>Logs the given message with the given level.</doc>
<arguments>
<arg>====TEST SETUP====</arg>
</arguments>
<msg timestamp="20190801 21:48:54.356" level="INFO">====TEST SETUP====</msg>
<status status="PASS" starttime="20190801 21:48:54.356" endtime="20190801 21:48:54.357"></status>
</kw>
<kw name="Open Browser" library="SeleniumLibrary">
<doc>Opens a new browser instance to the given ``url``.</doc>
<arguments>
<arg>${URL}</arg>
<arg>Chrome</arg>
</arguments>
<msg timestamp="20190801 21:48:54.357" level="INFO">Opening browser 'Chrome' to base url 'https://opensource-demo.orangehrmlive.com/'.</msg>
<status status="PASS" starttime="20190801 21:48:54.357" endtime="20190801 21:48:59.103"></status>
</kw>
<kw name="Set Browser Implicit Wait" library="SeleniumLibrary">
<doc>Sets the implicit wait value used by Selenium.</doc>
<arguments>
<arg>5</arg>
</arguments>
<status status="PASS" starttime="20190801 21:48:59.104" endtime="20190801 21:48:59.105"></status>
</kw>
<kw name="LoginKW">
<kw name="Input Text" library="SeleniumLibrary">
<doc>Types the given ``text`` into text field identified by ``locator``.</doc>
<arguments>
<arg>id=txtUsername</arg>
<arg>@{CREDENTIALS}[0]</arg>
</arguments>
<msg timestamp="20190801 21:48:59.106" level="INFO">Typing text 'Admin' into text field 'id=txtUsername'.</msg>
<status status="PASS" starttime="20190801 21:48:59.106" endtime="20190801 21:48:59.171"></status>
</kw>
<kw name="Input Password" library="SeleniumLibrary">
<doc>Types the given password into text field identified by ``locator``.</doc>
<arguments>
<arg>id=txtPassword</arg>
<arg>&amp;{LOGINDATA}[password]</arg>
</arguments>
<msg timestamp="20190801 21:48:59.171" level="INFO">Typing password into text field 'id=txtPassword'.</msg>
<status status="PASS" starttime="20190801 21:48:59.171" endtime="20190801 21:48:59.226"></status>
</kw>
<kw name="Click Button" library="SeleniumLibrary">
<doc>Clicks button identified by ``locator``.</doc>
<arguments>
<arg>id=btnLogin</arg>
</arguments>
<msg timestamp="20190801 21:48:59.227" level="INFO">Clicking button 'id=btnLogin'.</msg>
<status status="PASS" starttime="20190801 21:48:59.226" endtime="20190801 21:49:00.533"></status>
</kw>
<status status="PASS" starttime="20190801 21:48:59.106" endtime="20190801 21:49:00.534"></status>
</kw>
<kw name="Click Element" library="SeleniumLibrary">
<doc>Click element identified by ``locator``.</doc>
<arguments>
<arg>id=welcome</arg>
</arguments>
<msg timestamp="20190801 21:49:00.534" level="INFO">Clicking element 'id=welcome'.</msg>
<status status="PASS" starttime="20190801 21:49:00.534" endtime="20190801 21:49:00.590"></status>
</kw>
<kw name="Close Browser" library="SeleniumLibrary">
<doc>Closes the current browser.</doc>
<status status="PASS" starttime="20190801 21:49:00.591" endtime="20190801 21:49:02.676"></status>
</kw>
<kw name="Log" library="BuiltIn">
<doc>Logs the given message with the given level.</doc>
<arguments>
<arg>Test Completed</arg>
</arguments>
<msg timestamp="20190801 21:49:02.678" level="INFO">Test Completed</msg>
<status status="PASS" starttime="20190801 21:49:02.676" endtime="20190801 21:49:02.678"></status>
</kw>
<kw name="Log" library="BuiltIn">
<doc>Logs the given message with the given level.</doc>
<arguments>
<arg>This test was executed by %{username} on %{os}</arg>
</arguments>
<msg timestamp="20190801 21:49:02.679" level="INFO">This test was executed by Asus on Windows_NT</msg>
<status status="PASS" starttime="20190801 21:49:02.678" endtime="20190801 21:49:02.679"></status>
</kw>
<kw name="Log" library="BuiltIn" type="teardown">
<doc>Logs the given message with the given level.</doc>
<arguments>
<arg>====TEST TEARDOWN====</arg>
</arguments>
<msg timestamp="20190801 21:49:02.682" level="INFO">====TEST TEARDOWN====</msg>
<status status="PASS" starttime="20190801 21:49:02.681" endtime="20190801 21:49:02.682"></status>
</kw>
<doc>Hey, Lets automate this world !</doc>
<tags>
<tag>Sanity</tag>
</tags>
<status status="PASS" starttime="20190801 21:48:54.353" endtime="20190801 21:49:02.684" critical="yes"></status>
</test>
<kw name="Log" library="BuiltIn" type="teardown">
<doc>Logs the given message with the given level.</doc>
<arguments>
<arg>====SUITE TEARDOWN====</arg>
</arguments>
<msg timestamp="20190801 21:49:02.691" level="INFO">====SUITE TEARDOWN====</msg>
<status status="PASS" starttime="20190801 21:49:02.690" endtime="20190801 21:49:02.691"></status>
</kw>
<status status="PASS" starttime="20190801 21:48:54.146" endtime="20190801 21:49:02.691"></status>
</suite>
<statistics>
<total>
<stat pass="3" fail="0">Critical Tests</stat>
<stat pass="3" fail="0">All Tests</stat>
</total>
<tag>
<stat pass="1" fail="0">Inside the 2nd</stat>
<stat pass="3" fail="0">Sanity</stat>
</tag>
<suite>
<stat pass="3" fail="0" id="s1" name="TestSuite">TestSuite</stat>
</suite>
</statistics>
<errors>
</errors>
</robot>
